[0621/221540:ERROR:process_info.cc(608)] range at 0x9ed52d9400000000, size 0x23a fully unreadable
[0621/221540:ERROR:process_info.cc(608)] range at 0xa49a2d9400000000, size 0x2bd fully unreadable
[0621/221540:ERROR:process_info.cc(608)] range at 0x9ed52db400000000, size 0x23a fully unreadable
[0621/221540:ERROR:process_info.cc(608)] range at 0xa49a2db400000000, size 0x2bd fully unreadable
[0621/221540:ERROR:process_info.cc(608)] range at 0x0, size 0x23a fully unreadable
[0621/221540:ERROR:process_info.cc(608)] range at 0x0, size 0x2bd fully unreadable
[0621/221540:ERROR:process_reader_win.cc(113)] NtOpenThread: {Access Denied} A process has requested access to an object, but has not been granted those access rights.  (0xc0000022)
[0621/221540:ERROR:process_reader_win.cc(113)] NtOpenThread: {Access Denied} A process has requested access to an object, but has not been granted those access rights.  (0xc0000022)
[0621/221540:ERROR:exception_snapshot_win.cc(57)] thread ID 18604 not found in process
[0621/221540:WARNING:crash_report_exception_handler.cc(60)] ProcessSnapshotWin::InitializeException failed
[0621/221540:ERROR:exception_snapshot_win.cc(57)] thread ID 18220 not found in process
[0621/221540:WARNING:crash_report_exception_handler.cc(60)] ProcessSnapshotWin::InitializeException failed
[0622/172249:ERROR:process_info.cc(608)] range at 0x3d412d9400000000, size 0x1f3 fully unreadable
[0622/172249:ERROR:process_info.cc(608)] range at 0x68652d9800000000, size 0x1c2 fully unreadable
[0622/172249:ERROR:process_info.cc(608)] range at 0x3d412db400000000, size 0x1f3 fully unreadable
[0622/172249:ERROR:process_info.cc(608)] range at 0x68652db800000000, size 0x1c2 fully unreadable
[0622/172249:ERROR:process_info.cc(608)] range at 0x0, size 0x1f3 fully unreadable
[0622/172249:ERROR:process_info.cc(608)] range at 0x0, size 0x1c2 fully unreadable
[0622/172249:ERROR:process_reader_win.cc(113)] NtOpenThread: {Access Denied} A process has requested access to an object, but has not been granted those access rights.  (0xc0000022)
[0622/172249:ERROR:process_reader_win.cc(113)] NtOpenThread: {Access Denied} A process has requested access to an object, but has not been granted those access rights.  (0xc0000022)
[0622/172249:ERROR:exception_snapshot_win.cc(57)] thread ID 13564 not found in process
[0622/172249:WARNING:crash_report_exception_handler.cc(60)] ProcessSnapshotWin::InitializeException failed
[0622/172249:ERROR:exception_snapshot_win.cc(57)] thread ID 9596 not found in process
[0622/172249:WARNING:crash_report_exception_handler.cc(60)] ProcessSnapshotWin::InitializeException failed
[0715/004706:ERROR:process_info.cc(608)] range at 0xd5e6315c00000000, size 0x22a fully unreadable
[0715/004706:ERROR:process_info.cc(608)] range at 0xd5e6317c00000000, size 0x22a fully unreadable
[0715/004706:ERROR:process_info.cc(608)] range at 0x0, size 0x22a fully unreadable
[0715/004706:ERROR:process_reader_win.cc(113)] NtOpenThread: {Access Denied} A process has requested access to an object, but has not been granted those access rights.  (0xc0000022)
[0715/004706:ERROR:exception_snapshot_win.cc(57)] thread ID 17692 not found in process
[0715/004706:WARNING:crash_report_exception_handler.cc(60)] ProcessSnapshotWin::InitializeException failed
[0717/004642:ERROR:process_info.cc(608)] range at 0x4028310200000000, size 0x251 fully unreadable
[0717/004642:ERROR:process_info.cc(608)] range at 0x4028312200000000, size 0x251 fully unreadable
[0717/004642:ERROR:process_info.cc(608)] range at 0x0, size 0x251 fully unreadable
[0717/004642:ERROR:process_reader_win.cc(113)] NtOpenThread: {Access Denied} A process has requested access to an object, but has not been granted those access rights.  (0xc0000022)
[0717/004642:ERROR:exception_snapshot_win.cc(57)] thread ID 7352 not found in process
[0717/004642:WARNING:crash_report_exception_handler.cc(60)] ProcessSnapshotWin::InitializeException failed
[0721/101613:ERROR:process_info.cc(608)] range at 0xc7492f1800000000, size 0x1b8 fully unreadable
[0721/101613:ERROR:process_info.cc(608)] range at 0xc7492f3800000000, size 0x1b8 fully unreadable
[0721/101613:ERROR:process_info.cc(608)] range at 0x0, size 0x1b8 fully unreadable
[0721/101613:ERROR:process_reader_win.cc(113)] NtOpenThread: {Access Denied} A process has requested access to an object, but has not been granted those access rights.  (0xc0000022)
[0721/101613:ERROR:exception_snapshot_win.cc(57)] thread ID 9640 not found in process
[0721/101613:WARNING:crash_report_exception_handler.cc(60)] ProcessSnapshotWin::InitializeException failed
[0724/222359:ERROR:process_info.cc(608)] range at 0x82382ea000000000, size 0x29a fully unreadable
[0724/222359:ERROR:process_info.cc(608)] range at 0x82382ec000000000, size 0x29a fully unreadable
[0724/222359:ERROR:process_info.cc(608)] range at 0x0, size 0x29a fully unreadable
[0724/222359:ERROR:process_reader_win.cc(113)] NtOpenThread: {Access Denied} A process has requested access to an object, but has not been granted those access rights.  (0xc0000022)
[0724/222359:ERROR:exception_snapshot_win.cc(57)] thread ID 3672 not found in process
[0724/222359:WARNING:crash_report_exception_handler.cc(60)] ProcessSnapshotWin::InitializeException failed
[0807/132839:ERROR:process_info.cc(608)] range at 0x4c72308a00000000, size 0x217 fully unreadable
[0807/132839:ERROR:process_info.cc(608)] range at 0x4c7230aa00000000, size 0x217 fully unreadable
[0807/132839:ERROR:process_info.cc(608)] range at 0x0, size 0x217 fully unreadable
[0807/132839:ERROR:process_reader_win.cc(113)] NtOpenThread: {Access Denied} A process has requested access to an object, but has not been granted those access rights.  (0xc0000022)
[0807/132839:ERROR:exception_snapshot_win.cc(57)] thread ID 30284 not found in process
[0807/132839:WARNING:crash_report_exception_handler.cc(60)] ProcessSnapshotWin::InitializeException failed
[0807/223742:ERROR:process_info.cc(608)] range at 0x434e309400000000, size 0x2a6 fully unreadable
[0807/223742:ERROR:process_info.cc(608)] range at 0x434e30b400000000, size 0x2a6 fully unreadable
[0807/223742:ERROR:process_info.cc(608)] range at 0x0, size 0x2a6 fully unreadable
[0807/223742:ERROR:process_reader_win.cc(113)] NtOpenThread: {Access Denied} A process has requested access to an object, but has not been granted those access rights.  (0xc0000022)
[0807/223742:ERROR:exception_snapshot_win.cc(57)] thread ID 15100 not found in process
[0807/223742:WARNING:crash_report_exception_handler.cc(60)] ProcessSnapshotWin::InitializeException failed
[0808/015146:ERROR:process_info.cc(608)] range at 0x38b22fca00000000, size 0x248 fully unreadable
[0808/015146:ERROR:process_info.cc(608)] range at 0x38b22fea00000000, size 0x248 fully unreadable
[0808/015146:ERROR:process_info.cc(608)] range at 0x0, size 0x248 fully unreadable
[0808/015146:ERROR:process_reader_win.cc(113)] NtOpenThread: {Access Denied} A process has requested access to an object, but has not been granted those access rights.  (0xc0000022)
[0808/015146:ERROR:exception_snapshot_win.cc(57)] thread ID 19620 not found in process
[0808/015146:WARNING:crash_report_exception_handler.cc(60)] ProcessSnapshotWin::InitializeException failed
[1127/152240:ERROR:process_reader_win.cc(114)] NtOpenThread: {Access Denied} A process has requested access to an object, but has not been granted those access rights.  (0xc0000022)
[1127/152240:ERROR:exception_snapshot_win.cc(87)] thread ID 14720 not found in process
[1127/152240:WARNING:crash_report_exception_handler.cc(56)] ProcessSnapshotWin::Initialize failed
[1127/163740:ERROR:process_reader_win.cc(114)] NtOpenThread: {Access Denied} A process has requested access to an object, but has not been granted those access rights.  (0xc0000022)
[1127/163740:ERROR:exception_snapshot_win.cc(87)] thread ID 500 not found in process
[1127/163740:WARNING:crash_report_exception_handler.cc(56)] ProcessSnapshotWin::Initialize failed
[1127/163742:ERROR:process_reader_win.cc(114)] NtOpenThread: {Access Denied} A process has requested access to an object, but has not been granted those access rights.  (0xc0000022)
[1127/163742:ERROR:exception_snapshot_win.cc(87)] thread ID 10488 not found in process
[1127/163742:WARNING:crash_report_exception_handler.cc(56)] ProcessSnapshotWin::Initialize failed
[1127/164308:ERROR:process_reader_win.cc(114)] NtOpenThread: {Access Denied} A process has requested access to an object, but has not been granted those access rights.  (0xc0000022)
[1127/164308:ERROR:exception_snapshot_win.cc(87)] thread ID 12956 not found in process
[1127/164308:WARNING:crash_report_exception_handler.cc(56)] ProcessSnapshotWin::Initialize failed
[1127/175343:ERROR:process_reader_win.cc(114)] NtOpenThread: {Access Denied} A process has requested access to an object, but has not been granted those access rights.  (0xc0000022)
[1127/175343:ERROR:exception_snapshot_win.cc(87)] thread ID 4484 not found in process
[1127/175343:WARNING:crash_report_exception_handler.cc(56)] ProcessSnapshotWin::Initialize failed
[1127/175533:ERROR:process_reader_win.cc(114)] NtOpenThread: {Access Denied} A process has requested access to an object, but has not been granted those access rights.  (0xc0000022)
[1127/175533:ERROR:exception_snapshot_win.cc(87)] thread ID 2344 not found in process
[1127/175533:WARNING:crash_report_exception_handler.cc(56)] ProcessSnapshotWin::Initialize failed
[1127/210315:ERROR:process_reader_win.cc(114)] NtOpenThread: {Access Denied} A process has requested access to an object, but has not been granted those access rights.  (0xc0000022)
[1127/210315:ERROR:exception_snapshot_win.cc(87)] thread ID 17684 not found in process
[1127/210315:WARNING:crash_report_exception_handler.cc(56)] ProcessSnapshotWin::Initialize failed
[1128/183404:ERROR:process_reader_win.cc(114)] NtOpenThread: {Access Denied} A process has requested access to an object, but has not been granted those access rights.  (0xc0000022)
[1128/183404:ERROR:exception_snapshot_win.cc(87)] thread ID 19124 not found in process
[1128/183404:WARNING:crash_report_exception_handler.cc(56)] ProcessSnapshotWin::Initialize failed
[1128/183404:ERROR:process_reader_win.cc(114)] NtOpenThread: {Access Denied} A process has requested access to an object, but has not been granted those access rights.  (0xc0000022)
[1128/183404:ERROR:exception_snapshot_win.cc(87)] thread ID 14184 not found in process
[1128/183404:WARNING:crash_report_exception_handler.cc(56)] ProcessSnapshotWin::Initialize failed
